{"/Users/brisasalazar/rev_directory/foundations_project/src/service/ticketService.js": {"path":"/Users/brisasalazar/rev_directory/foundations_project/src/service/ticketService.js","statementMap":{"0":{"start":{"line":2,"column":18},"end":{"line":2,"column":52}},"1":{"start":{"line":3,"column":17},"end":{"line":3,"column":42}},"2":{"start":{"line":6,"column":30},"end":{"line":6,"column":60}},"3":{"start":{"line":7,"column":25},"end":{"line":7,"column":50}},"4":{"start":{"line":8,"column":4},"end":{"line":8,"column":47}},"5":{"start":{"line":13,"column":4},"end":{"line":33,"column":5}},"6":{"start":{"line":14,"column":26},"end":{"line":14,"column":36}},"7":{"start":{"line":15,"column":21},"end":{"line":22,"column":10}},"8":{"start":{"line":23,"column":8},"end":{"line":29,"column":9}},"9":{"start":{"line":24,"column":12},"end":{"line":24,"column":81}},"10":{"start":{"line":25,"column":12},"end":{"line":25,"column":24}},"11":{"start":{"line":27,"column":12},"end":{"line":27,"column":77}},"12":{"start":{"line":28,"column":12},"end":{"line":28,"column":24}},"13":{"start":{"line":31,"column":8},"end":{"line":31,"column":111}},"14":{"start":{"line":32,"column":8},"end":{"line":32,"column":20}},"15":{"start":{"line":38,"column":17},"end":{"line":38,"column":59}},"16":{"start":{"line":39,"column":4},"end":{"line":45,"column":5}},"17":{"start":{"line":40,"column":8},"end":{"line":40,"column":72}},"18":{"start":{"line":41,"column":8},"end":{"line":41,"column":20}},"19":{"start":{"line":43,"column":8},"end":{"line":43,"column":80}},"20":{"start":{"line":44,"column":8},"end":{"line":44,"column":20}},"21":{"start":{"line":50,"column":17},"end":{"line":50,"column":54}},"22":{"start":{"line":51,"column":4},"end":{"line":57,"column":5}},"23":{"start":{"line":52,"column":8},"end":{"line":52,"column":74}},"24":{"start":{"line":53,"column":8},"end":{"line":53,"column":20}},"25":{"start":{"line":55,"column":8},"end":{"line":55,"column":83}},"26":{"start":{"line":56,"column":8},"end":{"line":56,"column":20}},"27":{"start":{"line":62,"column":17},"end":{"line":62,"column":65}},"28":{"start":{"line":63,"column":4},"end":{"line":69,"column":5}},"29":{"start":{"line":64,"column":8},"end":{"line":64,"column":81}},"30":{"start":{"line":65,"column":8},"end":{"line":65,"column":20}},"31":{"start":{"line":67,"column":8},"end":{"line":67,"column":61}},"32":{"start":{"line":68,"column":8},"end":{"line":68,"column":20}},"33":{"start":{"line":72,"column":1},"end":{"line":72,"column":78}}},"fnMap":{"0":{"name":"validateTicket","decl":{"start":{"line":5,"column":9},"end":{"line":5,"column":23}},"loc":{"start":{"line":5,"column":35},"end":{"line":9,"column":1}},"line":5},"1":{"name":"submitTicket","decl":{"start":{"line":12,"column":15},"end":{"line":12,"column":27}},"loc":{"start":{"line":12,"column":52},"end":{"line":34,"column":1}},"line":12},"2":{"name":"getAllUserTickets","decl":{"start":{"line":37,"column":15},"end":{"line":37,"column":32}},"loc":{"start":{"line":37,"column":41},"end":{"line":46,"column":1}},"line":37},"3":{"name":"filterPending","decl":{"start":{"line":49,"column":15},"end":{"line":49,"column":28}},"loc":{"start":{"line":49,"column":36},"end":{"line":58,"column":1}},"line":49},"4":{"name":"editStatus","decl":{"start":{"line":61,"column":16},"end":{"line":61,"column":26}},"loc":{"start":{"line":61,"column":48},"end":{"line":70,"column":2}},"line":61}},"branchMap":{"0":{"loc":{"start":{"line":8,"column":12},"end":{"line":8,"column":45}},"type":"binary-expr","locations":[{"start":{"line":8,"column":12},"end":{"line":8,"column":29}},{"start":{"line":8,"column":33},"end":{"line":8,"column":45}}],"line":8},"1":{"loc":{"start":{"line":13,"column":4},"end":{"line":33,"column":5}},"type":"if","locations":[{"start":{"line":13,"column":4},"end":{"line":33,"column":5}},{"start":{"line":30,"column":11},"end":{"line":33,"column":5}}],"line":13},"2":{"loc":{"start":{"line":23,"column":8},"end":{"line":29,"column":9}},"type":"if","locations":[{"start":{"line":23,"column":8},"end":{"line":29,"column":9}},{"start":{"line":26,"column":15},"end":{"line":29,"column":9}}],"line":23},"3":{"loc":{"start":{"line":39,"column":4},"end":{"line":45,"column":5}},"type":"if","locations":[{"start":{"line":39,"column":4},"end":{"line":45,"column":5}},{"start":{"line":42,"column":11},"end":{"line":45,"column":5}}],"line":39},"4":{"loc":{"start":{"line":51,"column":4},"end":{"line":57,"column":5}},"type":"if","locations":[{"start":{"line":51,"column":4},"end":{"line":57,"column":5}},{"start":{"line":54,"column":11},"end":{"line":57,"column":5}}],"line":51},"5":{"loc":{"start":{"line":63,"column":4},"end":{"line":69,"column":5}},"type":"if","locations":[{"start":{"line":63,"column":4},"end":{"line":69,"column":5}},{"start":{"line":66,"column":11},"end":{"line":69,"column":5}}],"line":63}},"s":{"0":1,"1":1,"2":1,"3":1,"4":1,"5":1,"6":1,"7":1,"8":1,"9":1,"10":1,"11":0,"12":0,"13":0,"14":0,"15":1,"16":1,"17":1,"18":1,"19":0,"20":0,"21":1,"22":1,"23":1,"24":1,"25":0,"26":0,"27":1,"28":1,"29":1,"30":1,"31":0,"32":0,"33":1},"f":{"0":1,"1":1,"2":1,"3":1,"4":1},"b":{"0":[1,1],"1":[1,0],"2":[1,0],"3":[1,0],"4":[1,0],"5":[1,0]},"_coverageSchema":"1a1c01bbd47fc00a2c39e90264f33305004495a9","hash":"d6f315da5aad9c522d656bd02d632ca6b7834979"}
,"/Users/brisasalazar/rev_directory/foundations_project/src/service/userService.js": {"path":"/Users/brisasalazar/rev_directory/foundations_project/src/service/userService.js","statementMap":{"0":{"start":{"line":2,"column":16},"end":{"line":2,"column":48}},"1":{"start":{"line":4,"column":15},"end":{"line":4,"column":32}},"2":{"start":{"line":5,"column":17},"end":{"line":5,"column":42}},"3":{"start":{"line":10,"column":27},"end":{"line":10,"column":51}},"4":{"start":{"line":11,"column":27},"end":{"line":11,"column":51}},"5":{"start":{"line":12,"column":4},"end":{"line":12,"column":46}},"6":{"start":{"line":17,"column":24},"end":{"line":17,"column":26}},"7":{"start":{"line":18,"column":22},"end":{"line":18,"column":60}},"8":{"start":{"line":20,"column":5},"end":{"line":38,"column":6}},"9":{"start":{"line":21,"column":8},"end":{"line":21,"column":95}},"10":{"start":{"line":22,"column":8},"end":{"line":22,"column":20}},"11":{"start":{"line":24,"column":8},"end":{"line":37,"column":9}},"12":{"start":{"line":25,"column":29},"end":{"line":25,"column":73}},"13":{"start":{"line":26,"column":25},"end":{"line":31,"column":14}},"14":{"start":{"line":32,"column":12},"end":{"line":32,"column":70}},"15":{"start":{"line":33,"column":12},"end":{"line":33,"column":24}},"16":{"start":{"line":35,"column":12},"end":{"line":35,"column":76}},"17":{"start":{"line":36,"column":12},"end":{"line":36,"column":24}},"18":{"start":{"line":42,"column":17},"end":{"line":42,"column":50}},"19":{"start":{"line":43,"column":26},"end":{"line":43,"column":71}},"20":{"start":{"line":44,"column":4},"end":{"line":50,"column":5}},"21":{"start":{"line":45,"column":8},"end":{"line":45,"column":50}},"22":{"start":{"line":46,"column":8},"end":{"line":46,"column":20}},"23":{"start":{"line":48,"column":8},"end":{"line":48,"column":54}},"24":{"start":{"line":49,"column":8},"end":{"line":49,"column":20}},"25":{"start":{"line":54,"column":4},"end":{"line":63,"column":5}},"26":{"start":{"line":55,"column":21},"end":{"line":55,"column":62}},"27":{"start":{"line":56,"column":8},"end":{"line":62,"column":9}},"28":{"start":{"line":57,"column":12},"end":{"line":57,"column":68}},"29":{"start":{"line":58,"column":12},"end":{"line":58,"column":33}},"30":{"start":{"line":60,"column":12},"end":{"line":60,"column":66}},"31":{"start":{"line":61,"column":12},"end":{"line":61,"column":24}},"32":{"start":{"line":67,"column":4},"end":{"line":76,"column":5}},"33":{"start":{"line":68,"column":21},"end":{"line":68,"column":55}},"34":{"start":{"line":69,"column":8},"end":{"line":75,"column":9}},"35":{"start":{"line":70,"column":12},"end":{"line":70,"column":73}},"36":{"start":{"line":71,"column":12},"end":{"line":71,"column":24}},"37":{"start":{"line":73,"column":12},"end":{"line":73,"column":77}},"38":{"start":{"line":74,"column":12},"end":{"line":74,"column":24}},"39":{"start":{"line":80,"column":17},"end":{"line":80,"column":65}},"40":{"start":{"line":81,"column":4},"end":{"line":87,"column":5}},"41":{"start":{"line":82,"column":8},"end":{"line":82,"column":60}},"42":{"start":{"line":83,"column":8},"end":{"line":83,"column":20}},"43":{"start":{"line":85,"column":8},"end":{"line":85,"column":68}},"44":{"start":{"line":86,"column":8},"end":{"line":86,"column":20}},"45":{"start":{"line":91,"column":4},"end":{"line":100,"column":5}},"46":{"start":{"line":92,"column":21},"end":{"line":92,"column":58}},"47":{"start":{"line":93,"column":8},"end":{"line":99,"column":9}},"48":{"start":{"line":94,"column":12},"end":{"line":94,"column":78}},"49":{"start":{"line":95,"column":12},"end":{"line":95,"column":24}},"50":{"start":{"line":97,"column":12},"end":{"line":97,"column":66}},"51":{"start":{"line":98,"column":12},"end":{"line":98,"column":24}},"52":{"start":{"line":103,"column":0},"end":{"line":103,"column":82}}},"fnMap":{"0":{"name":"validateUser","decl":{"start":{"line":7,"column":9},"end":{"line":7,"column":21}},"loc":{"start":{"line":7,"column":27},"end":{"line":13,"column":1}},"line":7},"1":{"name":"registerUser","decl":{"start":{"line":16,"column":15},"end":{"line":16,"column":27}},"loc":{"start":{"line":16,"column":33},"end":{"line":39,"column":1}},"line":16},"2":{"name":"loginUser","decl":{"start":{"line":41,"column":15},"end":{"line":41,"column":24}},"loc":{"start":{"line":41,"column":44},"end":{"line":51,"column":1}},"line":41},"3":{"name":"getUserByUsername","decl":{"start":{"line":53,"column":15},"end":{"line":53,"column":32}},"loc":{"start":{"line":53,"column":42},"end":{"line":64,"column":1}},"line":53},"4":{"name":"getUserById","decl":{"start":{"line":66,"column":15},"end":{"line":66,"column":26}},"loc":{"start":{"line":66,"column":35},"end":{"line":77,"column":1}},"line":66},"5":{"name":"editUser","decl":{"start":{"line":79,"column":15},"end":{"line":79,"column":23}},"loc":{"start":{"line":79,"column":49},"end":{"line":88,"column":1}},"line":79},"6":{"name":"deleteUserbyId","decl":{"start":{"line":90,"column":15},"end":{"line":90,"column":29}},"loc":{"start":{"line":90,"column":38},"end":{"line":101,"column":1}},"line":90}},"branchMap":{"0":{"loc":{"start":{"line":12,"column":12},"end":{"line":12,"column":44}},"type":"binary-expr","locations":[{"start":{"line":12,"column":12},"end":{"line":12,"column":26}},{"start":{"line":12,"column":30},"end":{"line":12,"column":44}}],"line":12},"1":{"loc":{"start":{"line":20,"column":5},"end":{"line":38,"column":6}},"type":"if","locations":[{"start":{"line":20,"column":5},"end":{"line":38,"column":6}},{"start":{"line":23,"column":12},"end":{"line":38,"column":6}}],"line":20},"2":{"loc":{"start":{"line":24,"column":8},"end":{"line":37,"column":9}},"type":"if","locations":[{"start":{"line":24,"column":8},"end":{"line":37,"column":9}},{"start":{"line":34,"column":14},"end":{"line":37,"column":9}}],"line":24},"3":{"loc":{"start":{"line":30,"column":22},"end":{"line":30,"column":45}},"type":"binary-expr","locations":[{"start":{"line":30,"column":22},"end":{"line":30,"column":31}},{"start":{"line":30,"column":35},"end":{"line":30,"column":45}}],"line":30},"4":{"loc":{"start":{"line":44,"column":4},"end":{"line":50,"column":5}},"type":"if","locations":[{"start":{"line":44,"column":4},"end":{"line":50,"column":5}},{"start":{"line":47,"column":9},"end":{"line":50,"column":5}}],"line":44},"5":{"loc":{"start":{"line":44,"column":7},"end":{"line":44,"column":37}},"type":"binary-expr","locations":[{"start":{"line":44,"column":7},"end":{"line":44,"column":20}},{"start":{"line":44,"column":24},"end":{"line":44,"column":37}}],"line":44},"6":{"loc":{"start":{"line":54,"column":4},"end":{"line":63,"column":5}},"type":"if","locations":[{"start":{"line":54,"column":4},"end":{"line":63,"column":5}},{"start":{},"end":{}}],"line":54},"7":{"loc":{"start":{"line":56,"column":8},"end":{"line":62,"column":9}},"type":"if","locations":[{"start":{"line":56,"column":8},"end":{"line":62,"column":9}},{"start":{"line":59,"column":15},"end":{"line":62,"column":9}}],"line":56},"8":{"loc":{"start":{"line":67,"column":4},"end":{"line":76,"column":5}},"type":"if","locations":[{"start":{"line":67,"column":4},"end":{"line":76,"column":5}},{"start":{},"end":{}}],"line":67},"9":{"loc":{"start":{"line":69,"column":8},"end":{"line":75,"column":9}},"type":"if","locations":[{"start":{"line":69,"column":8},"end":{"line":75,"column":9}},{"start":{"line":72,"column":15},"end":{"line":75,"column":9}}],"line":69},"10":{"loc":{"start":{"line":81,"column":4},"end":{"line":87,"column":5}},"type":"if","locations":[{"start":{"line":81,"column":4},"end":{"line":87,"column":5}},{"start":{"line":84,"column":10},"end":{"line":87,"column":5}}],"line":81},"11":{"loc":{"start":{"line":91,"column":4},"end":{"line":100,"column":5}},"type":"if","locations":[{"start":{"line":91,"column":4},"end":{"line":100,"column":5}},{"start":{},"end":{}}],"line":91},"12":{"loc":{"start":{"line":93,"column":8},"end":{"line":99,"column":9}},"type":"if","locations":[{"start":{"line":93,"column":8},"end":{"line":99,"column":9}},{"start":{"line":96,"column":15},"end":{"line":99,"column":9}}],"line":93}},"s":{"0":1,"1":1,"2":1,"3":0,"4":0,"5":0,"6":2,"7":2,"8":0,"9":0,"10":0,"11":0,"12":0,"13":0,"14":0,"15":0,"16":0,"17":0,"18":2,"19":1,"20":0,"21":0,"22":0,"23":0,"24":0,"25":4,"26":4,"27":4,"28":0,"29":0,"30":1,"31":1,"32":0,"33":0,"34":0,"35":0,"36":0,"37":0,"38":0,"39":0,"40":0,"41":0,"42":0,"43":0,"44":0,"45":0,"46":0,"47":0,"48":0,"49":0,"50":0,"51":0,"52":1},"f":{"0":0,"1":2,"2":2,"3":4,"4":0,"5":0,"6":0},"b":{"0":[0,0],"1":[0,0],"2":[0,0],"3":[0,0],"4":[0,0],"5":[0,0],"6":[4,0],"7":[0,1],"8":[0,0],"9":[0,0],"10":[0,0],"11":[0,0],"12":[0,0]},"_coverageSchema":"1a1c01bbd47fc00a2c39e90264f33305004495a9","hash":"427a7d6d40ce823715d3d131523a705cbdc391c3"}
,"/Users/brisasalazar/rev_directory/foundations_project/src/util/logger.js": {"path":"/Users/brisasalazar/rev_directory/foundations_project/src/util/logger.js","statementMap":{"0":{"start":{"line":1,"column":43},"end":{"line":1,"column":61}},"1":{"start":{"line":2,"column":51},"end":{"line":2,"column":57}},"2":{"start":{"line":4,"column":15},"end":{"line":14,"column":2}},"3":{"start":{"line":16,"column":0},"end":{"line":18,"column":1}}},"fnMap":{},"branchMap":{},"s":{"0":2,"1":2,"2":2,"3":2},"f":{},"b":{},"_coverageSchema":"1a1c01bbd47fc00a2c39e90264f33305004495a9","hash":"5c2a4bb72f0a9ba2a4fe9abf814342a87cff6c02"}
}
