TN:
SF:src/service/ticketService.js
FN:5,validateTicket
FN:12,submitTicket
FN:37,getAllUserTickets
FN:49,filterPending
FN:61,editStatus
FNF:5
FNH:5
FNDA:1,validateTicket
FNDA:1,submitTicket
FNDA:1,getAllUserTickets
FNDA:1,filterPending
FNDA:1,editStatus
DA:2,1
DA:3,1
DA:6,1
DA:7,1
DA:8,1
DA:13,1
DA:14,1
DA:15,1
DA:23,1
DA:24,1
DA:25,1
DA:27,0
DA:28,0
DA:31,0
DA:32,0
DA:38,1
DA:39,1
DA:40,1
DA:41,1
DA:43,0
DA:44,0
DA:50,1
DA:51,1
DA:52,1
DA:53,1
DA:55,0
DA:56,0
DA:62,1
DA:63,1
DA:64,1
DA:65,1
DA:67,0
DA:68,0
DA:72,1
LF:34
LH:24
BRDA:8,0,0,1
BRDA:8,0,1,1
BRDA:13,1,0,1
BRDA:13,1,1,0
BRDA:23,2,0,1
BRDA:23,2,1,0
BRDA:39,3,0,1
BRDA:39,3,1,0
BRDA:51,4,0,1
BRDA:51,4,1,0
BRDA:63,5,0,1
BRDA:63,5,1,0
BRF:12
BRH:7
end_of_record
TN:
SF:src/service/userService.js
FN:7,validateUser
FN:16,registerUser
FN:41,loginUser
FN:53,getUserByUsername
FN:66,getUserById
FN:79,editUser
FN:90,deleteUserbyId
FNF:7
FNH:3
FNDA:0,validateUser
FNDA:2,registerUser
FNDA:2,loginUser
FNDA:4,getUserByUsername
FNDA:0,getUserById
FNDA:0,editUser
FNDA:0,deleteUserbyId
DA:2,1
DA:4,1
DA:5,1
DA:10,0
DA:11,0
DA:12,0
DA:17,2
DA:18,2
DA:20,0
DA:21,0
DA:22,0
DA:24,0
DA:25,0
DA:26,0
DA:32,0
DA:33,0
DA:35,0
DA:36,0
DA:42,2
DA:43,1
DA:44,0
DA:45,0
DA:46,0
DA:48,0
DA:49,0
DA:54,4
DA:55,4
DA:56,4
DA:57,0
DA:58,0
DA:60,1
DA:61,1
DA:67,0
DA:68,0
DA:69,0
DA:70,0
DA:71,0
DA:73,0
DA:74,0
DA:80,0
DA:81,0
DA:82,0
DA:83,0
DA:85,0
DA:86,0
DA:91,0
DA:92,0
DA:93,0
DA:94,0
DA:95,0
DA:97,0
DA:98,0
DA:103,1
LF:53
LH:13
BRDA:12,0,0,0
BRDA:12,0,1,0
BRDA:20,1,0,0
BRDA:20,1,1,0
BRDA:24,2,0,0
BRDA:24,2,1,0
BRDA:30,3,0,0
BRDA:30,3,1,0
BRDA:44,4,0,0
BRDA:44,4,1,0
BRDA:44,5,0,0
BRDA:44,5,1,0
BRDA:54,6,0,4
BRDA:54,6,1,0
BRDA:56,7,0,0
BRDA:56,7,1,1
BRDA:67,8,0,0
BRDA:67,8,1,0
BRDA:69,9,0,0
BRDA:69,9,1,0
BRDA:81,10,0,0
BRDA:81,10,1,0
BRDA:91,11,0,0
BRDA:91,11,1,0
BRDA:93,12,0,0
BRDA:93,12,1,0
BRF:26
BRH:2
end_of_record
TN:
SF:src/util/logger.js
FNF:0
FNH:0
DA:1,2
DA:2,2
DA:4,2
DA:16,2
LF:4
LH:4
BRF:0
BRH:0
end_of_record
